<?xml version="1.0" encoding="UTF-8"?>
<!-- Generated by org.testng.reporters.JUnitReportReporter -->
<testsuite hostname="RPL-NN1-TAB101" failures="0" tests="1" name="TestNg.POST" time="3.303" errors="0" timestamp="2020-06-22T15:47:25 NZST" skipped="0">
  <testcase classname="TestNg.POST" name="posttodo" time="3.303"/>
  <system-out/>
</testsuite> <!-- TestNg.POST -->
